<?xml version="1.0" encoding="UTF-8"?>
<robot generator="Robot 4.0.3 (Python 3.9.6 on win32)" generated="20210704 17:18:36.645" rpa="false" schemaversion="2">
<suite id="s1" name="Caso de teste 02" source="D:\Prime\PrimeExperts_junho_28_2021\Caso de teste 02">
<suite id="s1-s1" name="Web Test" source="D:\Prime\PrimeExperts_junho_28_2021\Caso de teste 02\web_test.robot">
<kw name="Abrir o navegador" library="resource_web" type="SETUP">
<kw name="Open Browser" library="SeleniumLibrary">
<arg>browser=Chrome</arg>
<doc>Opens a new browser instance to the optional ``url``.</doc>
<msg timestamp="20210704 17:18:36.889" level="INFO">Opening browser 'Chrome' to base url 'None'.</msg>
<status status="PASS" starttime="20210704 17:18:36.888" endtime="20210704 17:18:38.247"/>
</kw>
<status status="PASS" starttime="20210704 17:18:36.888" endtime="20210704 17:18:38.247"/>
</kw>
<test id="s1-s1-t1" name="Caso de Teste 02: Pesquisar produto existente">
<kw name="Acessar a página home do site Automation Practice" library="resource_web">
<kw name="Go To" library="SeleniumLibrary">
<arg>${URL}</arg>
<doc>Navigates the current browser window to the provided ``url``.</doc>
<msg timestamp="20210704 17:18:38.249" level="INFO">Opening url 'http://automationpractice.com'</msg>
<status status="PASS" starttime="20210704 17:18:38.249" endtime="20210704 17:18:42.712"/>
</kw>
<status status="PASS" starttime="20210704 17:18:38.248" endtime="20210704 17:18:42.712"/>
</kw>
<kw name="Digitar o nome do produto &quot;itemnãoexistente&quot; no campo de pesquisa" library="resource_web" sourcename="Digitar o nome do produto &quot;${produto}&quot; no campo de pesquisa">
<kw name="Wait Until Element Is Visible" library="SeleniumLibrary">
<arg>id:search_query_top</arg>
<doc>Waits until the element ``locator`` is visible.</doc>
<status status="PASS" starttime="20210704 17:18:42.713" endtime="20210704 17:18:42.734"/>
</kw>
<kw name="Input Text" library="SeleniumLibrary">
<arg>id:search_query_top</arg>
<arg>${produto}</arg>
<doc>Types the given ``text`` into the text field identified by ``locator``.</doc>
<msg timestamp="20210704 17:18:42.735" level="INFO">Typing text 'itemnãoexistente' into text field 'id:search_query_top'.</msg>
<status status="PASS" starttime="20210704 17:18:42.734" endtime="20210704 17:18:42.813"/>
</kw>
<status status="PASS" starttime="20210704 17:18:42.713" endtime="20210704 17:18:42.813"/>
</kw>
<kw name="Clicar no botão pesquisar" library="resource_web">
<kw name="Click Button" library="SeleniumLibrary">
<arg>name:submit_search</arg>
<doc>Clicks the button identified by ``locator``.</doc>
<msg timestamp="20210704 17:18:42.815" level="INFO">Clicking button 'name:submit_search'.</msg>
<status status="PASS" starttime="20210704 17:18:42.814" endtime="20210704 17:18:42.874"/>
</kw>
<status status="PASS" starttime="20210704 17:18:42.814" endtime="20210704 17:18:42.874"/>
</kw>
<kw name="Conferir se mensagem &quot;No results were found for your search &quot;itemnãoexistente&quot;&quot; é exibida" library="resource_web" sourcename="Conferir se mensagem &quot;${mensagem}&quot; é exibida">
<kw name="Wait Until Element Is Visible" library="SeleniumLibrary">
<arg>//p[contains(.,'No results were found for your search "itemnãoexistente"')]</arg>
<doc>Waits until the element ``locator`` is visible.</doc>
<status status="PASS" starttime="20210704 17:18:42.875" endtime="20210704 17:18:43.973"/>
</kw>
<kw name="Element Text Should Be" library="SeleniumLibrary">
<arg>//p[contains(.,'No results were found for your search "itemnãoexistente"')]</arg>
<arg>${mensagem}</arg>
<doc>Verifies that element ``locator`` contains exact the text ``expected``.</doc>
<msg timestamp="20210704 17:18:43.973" level="INFO">Verifying element '//p[contains(.,'No results were found for your search "itemnãoexistente"')]' contains exact text 'No results were found for your search "itemnãoexistente"'.</msg>
<status status="PASS" starttime="20210704 17:18:43.973" endtime="20210704 17:18:43.989"/>
</kw>
<status status="PASS" starttime="20210704 17:18:42.874" endtime="20210704 17:18:43.989"/>
</kw>
<status status="PASS" starttime="20210704 17:18:38.248" endtime="20210704 17:18:43.989"/>
</test>
<kw name="Fechar o navegador" library="resource_web" type="TEARDOWN">
<kw name="Close Browser" library="SeleniumLibrary">
<doc>Closes the current browser.</doc>
<status status="PASS" starttime="20210704 17:18:43.991" endtime="20210704 17:18:47.198"/>
</kw>
<status status="PASS" starttime="20210704 17:18:43.991" endtime="20210704 17:18:47.198"/>
</kw>
<doc>teste case web</doc>
<status status="PASS" starttime="20210704 17:18:36.681" endtime="20210704 17:18:47.198"/>
</suite>
<status status="PASS" starttime="20210704 17:18:36.648" endtime="20210704 17:18:47.202"/>
</suite>
<statistics>
<total>
<stat pass="1" fail="0" skip="0">All Tests</stat>
</total>
<tag>
</tag>
<suite>
<stat pass="1" fail="0" skip="0" id="s1" name="Caso de teste 02">Caso de teste 02</stat>
<stat pass="1" fail="0" skip="0" id="s1-s1" name="Web Test">Caso de teste 02.Web Test</stat>
</suite>
</statistics>
<errors>
</errors>
</robot>
