<?xml version="1.0" encoding="UTF-8"?>
<robot generator="Robot 4.0.3 (Python 3.9.6 on win32)" generated="20210630 19:31:45.859" rpa="false" schemaversion="2">
<suite id="s1" name="Argumentos Retornos" source="D:\Prime\PrimeExperts_junho_28_2021\argumentos_retornos">
<suite id="s1-s1" name="Argumentos Retornos" source="D:\Prime\PrimeExperts_junho_28_2021\argumentos_retornos\argumentos_retornos.robot">
<test id="s1-s1-t1" name="Meu teste de soma">
<kw name="somar dois numeros">
<var>${resultado_da_soma}</var>
<arg>1</arg>
<arg>2</arg>
<kw name="Evaluate" library="BuiltIn">
<var>${resultado_da_expressao}</var>
<arg>${primeiro_num} + ${segundo_num}</arg>
<doc>Evaluates the given expression in Python and returns the result.</doc>
<msg timestamp="20210630 19:31:45.902" level="INFO">${resultado_da_expressao} = 3</msg>
<status status="PASS" starttime="20210630 19:31:45.902" endtime="20210630 19:31:45.903"/>
</kw>
<kw name="Log To Console" library="BuiltIn">
<arg>${\n}O resultado é: ${resultado_da_expressao}</arg>
<doc>Logs the given message to the console.</doc>
<status status="PASS" starttime="20210630 19:31:45.903" endtime="20210630 19:31:45.903"/>
</kw>
<msg timestamp="20210630 19:31:45.903" level="INFO">${resultado_da_soma} = 3</msg>
<status status="PASS" starttime="20210630 19:31:45.902" endtime="20210630 19:31:45.903"/>
</kw>
<kw name="Log" library="BuiltIn">
<arg>${resultado_da_soma}</arg>
<doc>Logs the given message with the given level.</doc>
<msg timestamp="20210630 19:31:45.904" level="INFO">3</msg>
<status status="PASS" starttime="20210630 19:31:45.904" endtime="20210630 19:31:45.904"/>
</kw>
<kw name="somar dois numeros">
<var>${resultado_da_soma}</var>
<arg>${resultado_da_soma}</arg>
<arg>4</arg>
<kw name="Evaluate" library="BuiltIn">
<var>${resultado_da_expressao}</var>
<arg>${primeiro_num} + ${segundo_num}</arg>
<doc>Evaluates the given expression in Python and returns the result.</doc>
<msg timestamp="20210630 19:31:45.905" level="INFO">${resultado_da_expressao} = 7</msg>
<status status="PASS" starttime="20210630 19:31:45.905" endtime="20210630 19:31:45.905"/>
</kw>
<kw name="Log To Console" library="BuiltIn">
<arg>${\n}O resultado é: ${resultado_da_expressao}</arg>
<doc>Logs the given message to the console.</doc>
<status status="PASS" starttime="20210630 19:31:45.905" endtime="20210630 19:31:45.905"/>
</kw>
<msg timestamp="20210630 19:31:45.906" level="INFO">${resultado_da_soma} = 7</msg>
<status status="PASS" starttime="20210630 19:31:45.904" endtime="20210630 19:31:45.906"/>
</kw>
<kw name="Log" library="BuiltIn">
<arg>${resultado_da_soma}</arg>
<doc>Logs the given message with the given level.</doc>
<msg timestamp="20210630 19:31:45.906" level="INFO">7</msg>
<status status="PASS" starttime="20210630 19:31:45.906" endtime="20210630 19:31:45.906"/>
</kw>
<status status="PASS" starttime="20210630 19:31:45.901" endtime="20210630 19:31:45.907"/>
</test>
<doc>testando argumentos e retornos</doc>
<status status="PASS" starttime="20210630 19:31:45.895" endtime="20210630 19:31:45.908"/>
</suite>
<status status="PASS" starttime="20210630 19:31:45.861" endtime="20210630 19:31:45.909"/>
</suite>
<statistics>
<total>
<stat pass="1" fail="0" skip="0">All Tests</stat>
</total>
<tag>
</tag>
<suite>
<stat pass="1" fail="0" skip="0" id="s1" name="Argumentos Retornos">Argumentos Retornos</stat>
<stat pass="1" fail="0" skip="0" id="s1-s1" name="Argumentos Retornos">Argumentos Retornos.Argumentos Retornos</stat>
</suite>
</statistics>
<errors>
</errors>
</robot>
