<?xml version="1.0" encoding="UTF-8"?>
<robot generator="Robot 4.0.3 (Python 3.9.6 on win32)" generated="20210704 17:55:28.854" rpa="false" schemaversion="2">
<suite id="s1" name="Caso de teste 03" source="D:\Prime\PrimeExperts_junho_28_2021\Caso de teste 03">
<suite id="s1-s1" name="Web Test" source="D:\Prime\PrimeExperts_junho_28_2021\Caso de teste 03\web_test.robot">
<kw name="Abrir o navegador" library="resource_web" type="SETUP">
<kw name="Open Browser" library="SeleniumLibrary">
<arg>browser=Chrome</arg>
<doc>Opens a new browser instance to the optional ``url``.</doc>
<msg timestamp="20210704 17:55:29.139" level="INFO">Opening browser 'Chrome' to base url 'None'.</msg>
<status status="PASS" starttime="20210704 17:55:29.139" endtime="20210704 17:55:30.392"/>
</kw>
<status status="PASS" starttime="20210704 17:55:29.139" endtime="20210704 17:55:30.393"/>
</kw>
<test id="s1-s1-t1" name="Caso de Teste 02: Pesquisar produto existente">
<kw name="Acessar a página home do site Automation Practice" library="resource_web">
<kw name="Go To" library="SeleniumLibrary">
<arg>${URL}</arg>
<doc>Navigates the current browser window to the provided ``url``.</doc>
<msg timestamp="20210704 17:55:30.394" level="INFO">Opening url 'http://automationpractice.com'</msg>
<status status="PASS" starttime="20210704 17:55:30.394" endtime="20210704 17:55:36.324"/>
</kw>
<status status="PASS" starttime="20210704 17:55:30.393" endtime="20210704 17:55:36.325"/>
</kw>
<kw name="Passar o mouse por cima da categoria &quot;Women&quot; no menu principal superior de categorias" library="resource_web" sourcename="Passar o mouse por cima da categoria &quot;${Women}&quot; no menu principal superior de categorias">
<kw name="Element Should Be Visible" library="SeleniumLibrary">
<arg>//a[contains(@title,'Women')]</arg>
<doc>Verifies that the element identified by ``locator`` is visible.</doc>
<msg timestamp="20210704 17:55:36.349" level="INFO">Element '//a[contains(@title,'Women')]' is displayed.</msg>
<status status="PASS" starttime="20210704 17:55:36.326" endtime="20210704 17:55:36.349"/>
</kw>
<kw name="Mouse Over" library="SeleniumLibrary">
<arg>//a[contains(@title,'Women')]</arg>
<doc>Simulates hovering the mouse over the element ``locator``.</doc>
<msg timestamp="20210704 17:55:36.350" level="INFO">Simulating Mouse Over on element '//a[contains(@title,'Women')]'.</msg>
<status status="PASS" starttime="20210704 17:55:36.349" endtime="20210704 17:55:36.634"/>
</kw>
<status status="PASS" starttime="20210704 17:55:36.325" endtime="20210704 17:55:36.635"/>
</kw>
<kw name="Clicar na sub categoria &quot;Summer Dresses&quot;" library="resource_web" sourcename="Clicar na sub categoria &quot;${summer_dresses}&quot;">
<kw name="Element Should Be Visible" library="SeleniumLibrary">
<arg>(//a[contains(@title,'Summer Dresses')])[1]</arg>
<doc>Verifies that the element identified by ``locator`` is visible.</doc>
<msg timestamp="20210704 17:55:36.659" level="INFO">Element '(//a[contains(@title,'Summer Dresses')])[1]' is displayed.</msg>
<status status="PASS" starttime="20210704 17:55:36.636" endtime="20210704 17:55:36.659"/>
</kw>
<kw name="Click Element" library="SeleniumLibrary">
<arg>(//a[contains(@title,'Summer Dresses')])[1]</arg>
<doc>Click the element identified by ``locator``.</doc>
<msg timestamp="20210704 17:55:36.659" level="INFO">Clicking element '(//a[contains(@title,'Summer Dresses')])[1]'.</msg>
<status status="PASS" starttime="20210704 17:55:36.659" endtime="20210704 17:55:38.738"/>
</kw>
<status status="PASS" starttime="20210704 17:55:36.635" endtime="20210704 17:55:38.738"/>
</kw>
<kw name="Conferir se os produtos da sub-categoria&quot;Summer Dresses&quot; foram mostrados na página" library="resource_web">
<kw name="Element Should Be Visible" library="SeleniumLibrary">
<arg>//img[@src='http://automationpractice.com/img/p/1/2/12-home_default.jpg']</arg>
<doc>Verifies that the element identified by ``locator`` is visible.</doc>
<msg timestamp="20210704 17:55:38.757" level="INFO">Element '//img[@src='http://automationpractice.com/img/p/1/2/12-home_default.jpg']' is displayed.</msg>
<status status="PASS" starttime="20210704 17:55:38.739" endtime="20210704 17:55:38.757"/>
</kw>
<kw name="Element Should Be Visible" library="SeleniumLibrary">
<arg>//img[@src='http://automationpractice.com/img/p/1/6/16-home_default.jpg']</arg>
<doc>Verifies that the element identified by ``locator`` is visible.</doc>
<msg timestamp="20210704 17:55:38.772" level="INFO">Element '//img[@src='http://automationpractice.com/img/p/1/6/16-home_default.jpg']' is displayed.</msg>
<status status="PASS" starttime="20210704 17:55:38.757" endtime="20210704 17:55:38.773"/>
</kw>
<kw name="Element Should Be Visible" library="SeleniumLibrary">
<arg>//img[contains(@alt,'Printed Chiffon Dress')]</arg>
<doc>Verifies that the element identified by ``locator`` is visible.</doc>
<msg timestamp="20210704 17:55:38.789" level="INFO">Element '//img[contains(@alt,'Printed Chiffon Dress')]' is displayed.</msg>
<status status="PASS" starttime="20210704 17:55:38.773" endtime="20210704 17:55:38.789"/>
</kw>
<status status="PASS" starttime="20210704 17:55:38.739" endtime="20210704 17:55:38.790"/>
</kw>
<status status="PASS" starttime="20210704 17:55:30.393" endtime="20210704 17:55:38.790"/>
</test>
<kw name="Fechar o navegador" library="resource_web" type="TEARDOWN">
<kw name="Close Browser" library="SeleniumLibrary">
<doc>Closes the current browser.</doc>
<status status="PASS" starttime="20210704 17:55:38.792" endtime="20210704 17:55:40.938"/>
</kw>
<status status="PASS" starttime="20210704 17:55:38.792" endtime="20210704 17:55:40.939"/>
</kw>
<doc>teste case web</doc>
<status status="PASS" starttime="20210704 17:55:28.893" endtime="20210704 17:55:40.939"/>
</suite>
<status status="PASS" starttime="20210704 17:55:28.856" endtime="20210704 17:55:40.945"/>
</suite>
<statistics>
<total>
<stat pass="1" fail="0" skip="0">All Tests</stat>
</total>
<tag>
</tag>
<suite>
<stat pass="1" fail="0" skip="0" id="s1" name="Caso de teste 03">Caso de teste 03</stat>
<stat pass="1" fail="0" skip="0" id="s1-s1" name="Web Test">Caso de teste 03.Web Test</stat>
</suite>
</statistics>
<errors>
</errors>
</robot>
