<?xml version="1.0" encoding="UTF-8"?>
<robot generator="Robot 4.0.3 (Python 3.9.6 on win32)" generated="20210704 19:54:45.840" rpa="false" schemaversion="2">
<suite id="s1" name="Caso de teste 4" source="D:\Prime\PrimeExperts_junho_28_2021\Caso de teste 4">
<suite id="s1-s1" name="Web Test" source="D:\Prime\PrimeExperts_junho_28_2021\Caso de teste 4\web_test.robot">
<kw name="Abrir o navegador" library="resource_web" type="SETUP">
<kw name="Open Browser" library="SeleniumLibrary">
<arg>browser=Chrome</arg>
<doc>Opens a new browser instance to the optional ``url``.</doc>
<msg timestamp="20210704 19:54:46.105" level="INFO">Opening browser 'Chrome' to base url 'None'.</msg>
<status status="PASS" starttime="20210704 19:54:46.105" endtime="20210704 19:54:47.363"/>
</kw>
<status status="PASS" starttime="20210704 19:54:46.104" endtime="20210704 19:54:47.363"/>
</kw>
<test id="s1-s1-t1" name="Caso de Teste 04: Criar cadastro">
<kw name="Acessar a página home do site" library="resource_web">
<kw name="Go To" library="SeleniumLibrary">
<arg>${URL}</arg>
<doc>Navigates the current browser window to the provided ``url``.</doc>
<msg timestamp="20210704 19:54:47.365" level="INFO">Opening url 'http://automationpractice.com'</msg>
<status status="PASS" starttime="20210704 19:54:47.365" endtime="20210704 19:54:51.632"/>
</kw>
<status status="PASS" starttime="20210704 19:54:47.364" endtime="20210704 19:54:51.632"/>
</kw>
<kw name="Clicar em &quot;Signin&quot;" library="resource_web">
<kw name="Wait Until Element Is Visible" library="SeleniumLibrary">
<arg>//a[contains(.,'Sign in')]</arg>
<doc>Waits until the element ``locator`` is visible.</doc>
<status status="PASS" starttime="20210704 19:54:51.633" endtime="20210704 19:54:51.654"/>
</kw>
<kw name="Click Element" library="SeleniumLibrary">
<arg>//a[contains(.,'Sign in')]</arg>
<doc>Click the element identified by ``locator``.</doc>
<msg timestamp="20210704 19:54:51.655" level="INFO">Clicking element '//a[contains(.,'Sign in')]'.</msg>
<status status="PASS" starttime="20210704 19:54:51.654" endtime="20210704 19:54:53.461"/>
</kw>
<status status="PASS" starttime="20210704 19:54:51.633" endtime="20210704 19:54:53.462"/>
</kw>
<kw name="Informar e-mail &quot;pedrosorti@hotmail.com&quot;" library="resource_web" sourcename="Informar e-mail &quot;${email}&quot;">
<kw name="Wait Until Element Is Visible" library="SeleniumLibrary">
<arg>id:email_create</arg>
<doc>Waits until the element ``locator`` is visible.</doc>
<status status="PASS" starttime="20210704 19:54:53.463" endtime="20210704 19:54:53.485"/>
</kw>
<kw name="Input Text" library="SeleniumLibrary">
<arg>id:email_create</arg>
<arg>${email}</arg>
<doc>Types the given ``text`` into the text field identified by ``locator``.</doc>
<msg timestamp="20210704 19:54:53.486" level="INFO">Typing text 'pedrosorti@hotmail.com' into text field 'id:email_create'.</msg>
<status status="PASS" starttime="20210704 19:54:53.486" endtime="20210704 19:54:53.569"/>
</kw>
<status status="PASS" starttime="20210704 19:54:53.462" endtime="20210704 19:54:53.569"/>
</kw>
<kw name="Clicar em &quot;Createanaccount&quot;" library="resource_web">
<kw name="Click Element" library="SeleniumLibrary">
<arg>//span[contains(.,'Create an account')]</arg>
<doc>Click the element identified by ``locator``.</doc>
<msg timestamp="20210704 19:54:53.570" level="INFO">Clicking element '//span[contains(.,'Create an account')]'.</msg>
<status status="PASS" starttime="20210704 19:54:53.570" endtime="20210704 19:54:53.617"/>
</kw>
<status status="PASS" starttime="20210704 19:54:53.569" endtime="20210704 19:54:53.618"/>
</kw>
<kw name="Preencher Title" library="resource_web">
<kw name="Wait Until Element Is Visible" library="SeleniumLibrary">
<arg>id:id_gender1</arg>
<doc>Waits until the element ``locator`` is visible.</doc>
<status status="PASS" starttime="20210704 19:54:53.619" endtime="20210704 19:54:55.580"/>
</kw>
<kw name="Click Button" library="SeleniumLibrary">
<arg>id:id_gender1</arg>
<doc>Clicks the button identified by ``locator``.</doc>
<msg timestamp="20210704 19:54:55.580" level="INFO">Clicking button 'id:id_gender1'.</msg>
<status status="PASS" starttime="20210704 19:54:55.580" endtime="20210704 19:54:55.623"/>
</kw>
<status status="PASS" starttime="20210704 19:54:53.618" endtime="20210704 19:54:55.623"/>
</kw>
<kw name="Preencher First Name Pedro" library="resource_web" sourcename="Preencher First Name ${first}">
<kw name="Input Text" library="SeleniumLibrary">
<arg>id:customer_firstname</arg>
<arg>${first}</arg>
<doc>Types the given ``text`` into the text field identified by ``locator``.</doc>
<msg timestamp="20210704 19:54:55.624" level="INFO">Typing text 'Pedro' into text field 'id:customer_firstname'.</msg>
<status status="PASS" starttime="20210704 19:54:55.624" endtime="20210704 19:54:55.714"/>
</kw>
<status status="PASS" starttime="20210704 19:54:55.624" endtime="20210704 19:54:55.714"/>
</kw>
<kw name="Preencher Last name Sortino" library="resource_web" sourcename="Preencher Last name ${Last}">
<kw name="Input Text" library="SeleniumLibrary">
<arg>id:customer_lastname</arg>
<arg>${last}</arg>
<doc>Types the given ``text`` into the text field identified by ``locator``.</doc>
<msg timestamp="20210704 19:54:55.715" level="INFO">Typing text 'Sortino' into text field 'id:customer_lastname'.</msg>
<status status="PASS" starttime="20210704 19:54:55.715" endtime="20210704 19:54:55.798"/>
</kw>
<status status="PASS" starttime="20210704 19:54:55.714" endtime="20210704 19:54:55.798"/>
</kw>
<kw name="Preencher password 123456" library="resource_web" sourcename="Preencher password ${senha}">
<kw name="Input Text" library="SeleniumLibrary">
<arg>id:passwd</arg>
<arg>${senha}</arg>
<doc>Types the given ``text`` into the text field identified by ``locator``.</doc>
<msg timestamp="20210704 19:54:55.799" level="INFO">Typing text '123456' into text field 'id:passwd'.</msg>
<status status="PASS" starttime="20210704 19:54:55.799" endtime="20210704 19:54:55.882"/>
</kw>
<status status="PASS" starttime="20210704 19:54:55.799" endtime="20210704 19:54:55.882"/>
</kw>
<kw name="Preencher dia de nascimento 22" library="resource_web" sourcename="Preencher dia de nascimento ${dia}">
<kw name="Select From List By Value" library="SeleniumLibrary">
<arg>//select[contains(@name,'days')]</arg>
<arg>${dia}</arg>
<doc>Selects options from selection list ``locator`` by ``values``.</doc>
<msg timestamp="20210704 19:54:55.883" level="INFO">Selecting options from selection list '//select[contains(@name,'days')]' by value 22.</msg>
<status status="PASS" starttime="20210704 19:54:55.883" endtime="20210704 19:54:55.946"/>
</kw>
<status status="PASS" starttime="20210704 19:54:55.883" endtime="20210704 19:54:55.946"/>
</kw>
<kw name="Preencher mes de nascimento 11" library="resource_web" sourcename="Preencher mes de nascimento ${mes}">
<kw name="Select From List By Value" library="SeleniumLibrary">
<arg>//select[contains(@name,'months')]</arg>
<arg>${mes}</arg>
<doc>Selects options from selection list ``locator`` by ``values``.</doc>
<msg timestamp="20210704 19:54:55.947" level="INFO">Selecting options from selection list '//select[contains(@name,'months')]' by value 11.</msg>
<status status="PASS" starttime="20210704 19:54:55.947" endtime="20210704 19:54:56.002"/>
</kw>
<status status="PASS" starttime="20210704 19:54:55.947" endtime="20210704 19:54:56.002"/>
</kw>
<kw name="Preencher ano de nascimento 1990" library="resource_web" sourcename="Preencher ano de nascimento ${year}">
<kw name="Select From List By Value" library="SeleniumLibrary">
<arg>//select[contains(@name,'years')]</arg>
<arg>${year}</arg>
<doc>Selects options from selection list ``locator`` by ``values``.</doc>
<msg timestamp="20210704 19:54:56.003" level="INFO">Selecting options from selection list '//select[contains(@name,'years')]' by value 1990.</msg>
<status status="PASS" starttime="20210704 19:54:56.003" endtime="20210704 19:54:56.055"/>
</kw>
<status status="PASS" starttime="20210704 19:54:56.003" endtime="20210704 19:54:56.055"/>
</kw>
<kw name="Preencher Company PrimeExperts" library="resource_web" sourcename="Preencher Company ${company}">
<kw name="Input Text" library="SeleniumLibrary">
<arg>id:company</arg>
<arg>${company}</arg>
<doc>Types the given ``text`` into the text field identified by ``locator``.</doc>
<msg timestamp="20210704 19:54:56.057" level="INFO">Typing text 'PrimeExperts' into text field 'id:company'.</msg>
<status status="PASS" starttime="20210704 19:54:56.056" endtime="20210704 19:54:56.193"/>
</kw>
<status status="PASS" starttime="20210704 19:54:56.056" endtime="20210704 19:54:56.193"/>
</kw>
<kw name="Preencher endereço Yutaka Ishihara" library="resource_web" sourcename="Preencher endereço ${endereço}">
<kw name="Input Text" library="SeleniumLibrary">
<arg>id:address1</arg>
<arg>${endereço}</arg>
<doc>Types the given ``text`` into the text field identified by ``locator``.</doc>
<msg timestamp="20210704 19:54:56.195" level="INFO">Typing text 'Yutaka Ishihara' into text field 'id:address1'.</msg>
<status status="PASS" starttime="20210704 19:54:56.194" endtime="20210704 19:54:56.272"/>
</kw>
<status status="PASS" starttime="20210704 19:54:56.194" endtime="20210704 19:54:56.272"/>
</kw>
<kw name="Preencher cidade Ribeirao Pires" library="resource_web" sourcename="Preencher cidade ${cidade}">
<kw name="Input Text" library="SeleniumLibrary">
<arg>id:city</arg>
<arg>${cidade}</arg>
<doc>Types the given ``text`` into the text field identified by ``locator``.</doc>
<msg timestamp="20210704 19:54:56.273" level="INFO">Typing text 'Ribeirao Pires' into text field 'id:city'.</msg>
<status status="PASS" starttime="20210704 19:54:56.273" endtime="20210704 19:54:56.348"/>
</kw>
<status status="PASS" starttime="20210704 19:54:56.272" endtime="20210704 19:54:56.348"/>
</kw>
<kw name="Preencher Estado 5" library="resource_web" sourcename="Preencher Estado ${state}">
<kw name="Select From List By Value" library="SeleniumLibrary">
<arg>//select[@name='id_state'][contains(@id,'state')]</arg>
<arg>${state}</arg>
<doc>Selects options from selection list ``locator`` by ``values``.</doc>
<msg timestamp="20210704 19:54:56.349" level="INFO">Selecting options from selection list '//select[@name='id_state'][contains(@id,'state')]' by value 5.</msg>
<status status="PASS" starttime="20210704 19:54:56.349" endtime="20210704 19:54:56.403"/>
</kw>
<status status="PASS" starttime="20210704 19:54:56.348" endtime="20210704 19:54:56.403"/>
</kw>
<kw name="Preencher Zip code 90011" library="resource_web" sourcename="Preencher Zip code ${code}">
<kw name="Input Text" library="SeleniumLibrary">
<arg>id:postcode</arg>
<arg>${code}</arg>
<doc>Types the given ``text`` into the text field identified by ``locator``.</doc>
<msg timestamp="20210704 19:54:56.404" level="INFO">Typing text '90011' into text field 'id:postcode'.</msg>
<status status="PASS" starttime="20210704 19:54:56.404" endtime="20210704 19:54:56.475"/>
</kw>
<status status="PASS" starttime="20210704 19:54:56.403" endtime="20210704 19:54:56.475"/>
</kw>
<kw name="Preencher celular 11974038923" library="resource_web" sourcename="Preencher celular ${cel}">
<kw name="Input Text" library="SeleniumLibrary">
<arg>id:phone_mobile</arg>
<arg>${cel}</arg>
<doc>Types the given ``text`` into the text field identified by ``locator``.</doc>
<msg timestamp="20210704 19:54:56.476" level="INFO">Typing text '11974038923' into text field 'id:phone_mobile'.</msg>
<status status="PASS" starttime="20210704 19:54:56.476" endtime="20210704 19:54:56.554"/>
</kw>
<status status="PASS" starttime="20210704 19:54:56.475" endtime="20210704 19:54:56.554"/>
</kw>
<kw name="Submeter cadastro" library="resource_web">
<kw name="Click Element" library="SeleniumLibrary">
<arg>//span[contains(.,'Register')]</arg>
<doc>Click the element identified by ``locator``.</doc>
<msg timestamp="20210704 19:54:56.555" level="INFO">Clicking element '//span[contains(.,'Register')]'.</msg>
<status status="PASS" starttime="20210704 19:54:56.555" endtime="20210704 19:54:57.969"/>
</kw>
<status status="PASS" starttime="20210704 19:54:56.555" endtime="20210704 19:54:57.969"/>
</kw>
<kw name="Conferir se o cadastro foi efetuado com sucesso MY ACCOUNT" library="resource_web" sourcename="Conferir se o cadastro foi efetuado com sucesso ${ACC}">
<kw name="Element Text Should Be" library="SeleniumLibrary">
<arg>//h1[@class='page-heading'][contains(.,'My account')]</arg>
<arg>${ACC}</arg>
<doc>Verifies that element ``locator`` contains exact the text ``expected``.</doc>
<msg timestamp="20210704 19:54:57.972" level="INFO">Verifying element '//h1[@class='page-heading'][contains(.,'My account')]' contains exact text 'MY ACCOUNT'.</msg>
<status status="PASS" starttime="20210704 19:54:57.971" endtime="20210704 19:54:57.993"/>
</kw>
<status status="PASS" starttime="20210704 19:54:57.971" endtime="20210704 19:54:57.993"/>
</kw>
<status status="PASS" starttime="20210704 19:54:47.363" endtime="20210704 19:54:57.994"/>
</test>
<doc>teste case web</doc>
<status status="PASS" starttime="20210704 19:54:45.872" endtime="20210704 19:54:57.996"/>
</suite>
<status status="PASS" starttime="20210704 19:54:45.842" endtime="20210704 19:54:57.998"/>
</suite>
<statistics>
<total>
<stat pass="1" fail="0" skip="0">All Tests</stat>
</total>
<tag>
</tag>
<suite>
<stat pass="1" fail="0" skip="0" id="s1" name="Caso de teste 4">Caso de teste 4</stat>
<stat pass="1" fail="0" skip="0" id="s1-s1" name="Web Test">Caso de teste 4.Web Test</stat>
</suite>
</statistics>
<errors>
</errors>
</robot>
